<?xml version="1.0" encoding="utf-8"?>
<shfbBuild product="Sandcastle Help File Builder and Tools" version="2023.3.4.0" projectFile="C:\Users\julie\Desktop\CNED\Atelier Pro\Etape 2\MediaTek86\MediaTek86 Documentation\MediaTek86 Documentation.shfbproj" started="29/05/2023 18:20:51">
<buildStep step="Initializing">
The Sandcastle tools are located in &#39;C:\Program Files (x86)\EWSoftware\Sandcastle Help File Builder&#39;
Locating components in the following folder(s):
    C:\Users\julie\Desktop\CNED\Atelier Pro\Etape 2\MediaTek86\MediaTek86 Documentation
    C:\ProgramData\EWSoftware\Sandcastle Help File Builder\Components and Plug-Ins
    C:\Program Files (x86)\EWSoftware\Sandcastle Help File Builder\Components
Using framework reflection data for &#39;.NET Framework 4.8&#39; located in &#39;C:\Program Files (x86)\EWSoftware\Sandcastle Help File Builder\Data\.NETFramework&#39;
Using presentation style &#39;Default2022&#39; located in &#39;C:\Program Files (x86)\EWSoftware\Sandcastle Help File Builder\Components\Default2022&#39;
Loading and initializing plug-ins...
Website Table of Contents Generator Version 2023.3.4.0
Copyright &#169; 2006-2023, Eric Woodruff, All Rights Reserved
-------------------------------
Clearing any prior web/markdown output...
</buildStep>
<buildStep step="ValidatingDocumentationSources">
Validating and copying documentation source information
Source: C:\Users\julie\Desktop\CNED\Atelier Pro\Etape 2\MediaTek86\MediaTek86\bin\Debug\MediaTek86.xml
Source: C:\Users\julie\Desktop\CNED\Atelier Pro\Etape 2\MediaTek86\MediaTek86\bin\Debug\MediaTek86.exe
    Found assembly &#39;C:\Users\julie\Desktop\CNED\Atelier Pro\Etape 2\MediaTek86\MediaTek86\bin\Debug\MediaTek86.exe&#39;

Copying XML comments files
    C:\Users\julie\Desktop\CNED\Atelier Pro\Etape 2\MediaTek86\MediaTek86\bin\Debug\MediaTek86.xml -&gt; C:\Users\julie\Desktop\CNED\Atelier Pro\Etape 2\MediaTek86\MediaTek86 Documentation\Help\Working\MediaTek86.xml
</buildStep>
<buildStep step="GenerateSharedContent">
Generating shared content files (fr-FR, Fran&#231;ais (France))...
    Last step completed in 00:00:00,0000
</buildStep>
<buildStep step="GenerateApiFilter">
Generating API filter for MRefBuilder...
    Last step completed in 00:00:00,0000
</buildStep>
<buildStep step="GenerateReflectionInfo">
Generating reflection information...
[C:\Program Files\Microsoft Visual Studio\2022\Enterprise\MSBuild\Current\Bin\amd64\MSBuild.exe - GenerateRefInfo-394ef183-d463-4f3c-b8e1-18780c0e7275.proj]
La g‚n‚ration a d‚marr‚ 29/05/2023 18:20:51.

Projet &quot;C:\Users\julie\Desktop\CNED\Atelier Pro\Etape 2\MediaTek86\MediaTek86 Documentation\Help\Working\GenerateRefInfo-394ef183-d463-4f3c-b8e1-18780c0e7275.proj&quot; sur le noud 1 (cibles par d‚faut).
PrepareForBuild:
  Cr‚ation du r‚pertoire &quot;obj\Debug\&quot;.
GenerateBindingRedirects:
  Aucune redirection de liaison sugg‚r‚e … partir de ResolveAssemblyReferences.
GenerateRefInfo:
  Microsoft.Build (v17.6.3+07e2947214f1a9f28a3517762c939d5bebb5f525)
  &#184; Microsoft Corporation. All rights reserved.
  No source code context base path specified.  Source context information is unavailable.
  Loaded 1 assemblies for reflection and 1 dependency assemblies.
  Wrote information on 5 namespaces, 16 types, and 63 members
  Merging duplicate type and member information
  Merged 0 duplicate type(s) and 0 duplicate member(s)
G‚n‚ration du projet &quot;C:\Users\julie\Desktop\CNED\Atelier Pro\Etape 2\MediaTek86\MediaTek86 Documentation\Help\Working\GenerateRefInfo-394ef183-d463-4f3c-b8e1-18780c0e7275.proj&quot; termin‚e (cibles par d‚faut).
    Last step completed in 00:00:00,6566
</buildStep>
<buildStep step="ApplyDocumentModel">
Applying document model to reflection output...
    Last step completed in 00:00:00,0487
</buildStep>
<buildStep step="AddApiTopicFilenames">
Adding topic filenames to API members...
    Last step completed in 00:00:00,0257
</buildStep>
<buildStep step="GenerateApiTopicManifest">
Generating API topic manifest...
    Last step completed in 00:00:00,0165
</buildStep>
<buildStep step="GenerateNamespaceSummaries">
Generating namespace summary information...
    Last step completed in 00:00:00,0186
</buildStep>
<buildStep step="CopyConceptualContent">
Copying conceptual content...
Checking for token files...
Checking for code snippets files...
Copying images and creating the media map file...
Generating conceptual topic files
    Parsing topic file &#39;C:\Users\julie\Desktop\CNED\Atelier Pro\Etape 2\MediaTek86\MediaTek86 Documentation\Content\Welcome.aml&#39;
    C:\Users\julie\Desktop\CNED\Atelier Pro\Etape 2\MediaTek86\MediaTek86 Documentation\Content\Welcome.aml -&gt; C:\Users\julie\Desktop\CNED\Atelier Pro\Etape 2\MediaTek86\MediaTek86 Documentation\Help\Working\ddueXml\28982930-c3c6-4150-acae-f846c2df02b1.xml
    Parsing topic file &#39;C:\Users\julie\Desktop\CNED\Atelier Pro\Etape 2\MediaTek86\MediaTek86 Documentation\Content\VersionHistory\VersionHistory.aml&#39;
    C:\Users\julie\Desktop\CNED\Atelier Pro\Etape 2\MediaTek86\MediaTek86 Documentation\Content\VersionHistory\VersionHistory.aml -&gt; C:\Users\julie\Desktop\CNED\Atelier Pro\Etape 2\MediaTek86\MediaTek86 Documentation\Help\Working\ddueXml\4b7edb24-6599-4f38-8a84-f4f404871191.xml
    Parsing topic file &#39;C:\Users\julie\Desktop\CNED\Atelier Pro\Etape 2\MediaTek86\MediaTek86 Documentation\Content\VersionHistory\v1.0.0.0.aml&#39;
    C:\Users\julie\Desktop\CNED\Atelier Pro\Etape 2\MediaTek86\MediaTek86 Documentation\Content\VersionHistory\v1.0.0.0.aml -&gt; C:\Users\julie\Desktop\CNED\Atelier Pro\Etape 2\MediaTek86\MediaTek86 Documentation\Help\Working\ddueXml\c6e890d2-4f49-4e39-848c-bdf6038c021b.xml
    Last step completed in 00:00:00,0191
</buildStep>
<buildStep step="CreateConceptualTopicConfigs">
Creating conceptual topic configuration files...
    Companion files
    _ContentMetadata_.xml
    Merging topic IDs into reference topic manifest file
    Last step completed in 00:00:00,0040
</buildStep>
<buildStep step="CopyAdditionalContent">
Copying additional content files...
C:\Users\julie\Desktop\CNED\Atelier Pro\Etape 2\MediaTek86\MediaTek86 Documentation\icons\Help.png -&gt; C:\Users\julie\Desktop\CNED\Atelier Pro\Etape 2\MediaTek86\MediaTek86 Documentation\Help\Working\Output\Website\icons\Help.png
    Last step completed in 00:00:00,0030
</buildStep>
<buildStep step="MergeTablesOfContents">
Merging conceptual and additional tables of contents...
    Last step completed in 00:00:00,0000
</buildStep>
<buildStep step="GenerateIntermediateTableOfContents">
Generating intermediate table of contents file for API content...
Generating conceptual content intermediate TOC file...
    Last step completed in 00:00:00,0191
</buildStep>
<buildStep step="CreateBuildAssemblerConfigs">
Creating Sandcastle configuration files...
    Last step completed in 00:00:00,1380
</buildStep>
<buildStep step="CombiningIntermediateTocFiles">
Combining conceptual and API intermediate TOC files...
    Last step completed in 00:00:00,0010
</buildStep>
<buildStep step="MergeCustomConfigs">
Merging custom build component configurations
C:\Users\julie\Desktop\CNED\Atelier Pro\Etape 2\MediaTek86\MediaTek86 Documentation\Help\Working\BuildAssembler.config
  Updating reference topic configurations.
  Updating conceptual topic configurations.
    Removing unused ExampleComponent.
    Last step completed in 00:00:00,0030
</buildStep>
<buildStep step="BuildTopics">
Building help topics...
<plugIn name="Website Table of Contents Generator" behavior="Before" priority="1000">
Loading TOC info and adding unique IDs to parent nodes
</plugIn>Loading configuration...
Processing topics...
Processed 115 topic(s)
CopyFromIndexComponent: &quot;metadata&quot; in-memory cache entries used: 1 of 15.
ResolveArtLinksComponent: Copying media files...
CopyFromIndexComponent: &quot;reflection&quot; in-memory cache entries used: 3 of 15.
CopyFromIndexComponent: &quot;comments&quot; in-memory cache entries used: 4 of 30.
<plugIn name="Website Table of Contents Generator" behavior="After" priority="1000">
Generating TOC fragment files
</plugIn>    Last step completed in 00:00:03,7933
</buildStep>
<buildStep step="CopyStandardHelpContent">
Copying standard help content...
C:\Program Files (x86)\EWSoftware\Sandcastle Help File Builder\Components\Default2022\css\bulma.css -&gt; C:\Users\julie\Desktop\CNED\Atelier Pro\Etape 2\MediaTek86\MediaTek86 Documentation\Help\Working\Output\Website\css\bulma.css
C:\Program Files (x86)\EWSoftware\Sandcastle Help File Builder\Components\Default2022\css\bulma.css.map -&gt; C:\Users\julie\Desktop\CNED\Atelier Pro\Etape 2\MediaTek86\MediaTek86 Documentation\Help\Working\Output\Website\css\bulma.css.map
C:\Program Files (x86)\EWSoftware\Sandcastle Help File Builder\Components\Default2022\css\bulma.min.css -&gt; C:\Users\julie\Desktop\CNED\Atelier Pro\Etape 2\MediaTek86\MediaTek86 Documentation\Help\Working\Output\Website\css\bulma.min.css
C:\Program Files (x86)\EWSoftware\Sandcastle Help File Builder\Components\Default2022\css\font-awesome.css -&gt; C:\Users\julie\Desktop\CNED\Atelier Pro\Etape 2\MediaTek86\MediaTek86 Documentation\Help\Working\Output\Website\css\font-awesome.css
C:\Program Files (x86)\EWSoftware\Sandcastle Help File Builder\Components\Default2022\css\font-awesome.min.css -&gt; C:\Users\julie\Desktop\CNED\Atelier Pro\Etape 2\MediaTek86\MediaTek86 Documentation\Help\Working\Output\Website\css\font-awesome.min.css
C:\Program Files (x86)\EWSoftware\Sandcastle Help File Builder\Components\Default2022\css\ja-JP.css -&gt; C:\Users\julie\Desktop\CNED\Atelier Pro\Etape 2\MediaTek86\MediaTek86 Documentation\Help\Working\Output\Website\css\ja-JP.css
C:\Program Files (x86)\EWSoftware\Sandcastle Help File Builder\Components\Default2022\css\ko-KR.css -&gt; C:\Users\julie\Desktop\CNED\Atelier Pro\Etape 2\MediaTek86\MediaTek86 Documentation\Help\Working\Output\Website\css\ko-KR.css
C:\Program Files (x86)\EWSoftware\Sandcastle Help File Builder\Components\Default2022\css\presentationStyle.css -&gt; C:\Users\julie\Desktop\CNED\Atelier Pro\Etape 2\MediaTek86\MediaTek86 Documentation\Help\Working\Output\Website\css\presentationStyle.css
C:\Program Files (x86)\EWSoftware\Sandcastle Help File Builder\Components\Default2022\css\vs.min.css -&gt; C:\Users\julie\Desktop\CNED\Atelier Pro\Etape 2\MediaTek86\MediaTek86 Documentation\Help\Working\Output\Website\css\vs.min.css
C:\Program Files (x86)\EWSoftware\Sandcastle Help File Builder\Components\Default2022\css\zh-CN.css -&gt; C:\Users\julie\Desktop\CNED\Atelier Pro\Etape 2\MediaTek86\MediaTek86 Documentation\Help\Working\Output\Website\css\zh-CN.css
C:\Program Files (x86)\EWSoftware\Sandcastle Help File Builder\Components\Default2022\css\zh-TW.css -&gt; C:\Users\julie\Desktop\CNED\Atelier Pro\Etape 2\MediaTek86\MediaTek86 Documentation\Help\Working\Output\Website\css\zh-TW.css
C:\Program Files (x86)\EWSoftware\Sandcastle Help File Builder\Components\Default2022\icons\favicon.ico -&gt; C:\Users\julie\Desktop\CNED\Atelier Pro\Etape 2\MediaTek86\MediaTek86 Documentation\Help\Working\Output\Website\icons\favicon.ico
C:\Program Files (x86)\EWSoftware\Sandcastle Help File Builder\Components\Default2022\scripts\clipboard.min.js -&gt; C:\Users\julie\Desktop\CNED\Atelier Pro\Etape 2\MediaTek86\MediaTek86 Documentation\Help\Working\Output\Website\scripts\clipboard.min.js
C:\Program Files (x86)\EWSoftware\Sandcastle Help File Builder\Components\Default2022\scripts\highlight.min.js -&gt; C:\Users\julie\Desktop\CNED\Atelier Pro\Etape 2\MediaTek86\MediaTek86 Documentation\Help\Working\Output\Website\scripts\highlight.min.js
C:\Program Files (x86)\EWSoftware\Sandcastle Help File Builder\Components\Default2022\scripts\jquery-3.5.1.min.js -&gt; C:\Users\julie\Desktop\CNED\Atelier Pro\Etape 2\MediaTek86\MediaTek86 Documentation\Help\Working\Output\Website\scripts\jquery-3.5.1.min.js
C:\Program Files (x86)\EWSoftware\Sandcastle Help File Builder\Components\Default2022\scripts\presentationStyle.js -&gt; C:\Users\julie\Desktop\CNED\Atelier Pro\Etape 2\MediaTek86\MediaTek86 Documentation\Help\Working\Output\Website\scripts\presentationStyle.js
C:\Program Files (x86)\EWSoftware\Sandcastle Help File Builder\Components\Default2022\webfonts\fa-brands-400.ttf -&gt; C:\Users\julie\Desktop\CNED\Atelier Pro\Etape 2\MediaTek86\MediaTek86 Documentation\Help\Working\Output\Website\webfonts\fa-brands-400.ttf
C:\Program Files (x86)\EWSoftware\Sandcastle Help File Builder\Components\Default2022\webfonts\fa-brands-400.woff2 -&gt; C:\Users\julie\Desktop\CNED\Atelier Pro\Etape 2\MediaTek86\MediaTek86 Documentation\Help\Working\Output\Website\webfonts\fa-brands-400.woff2
C:\Program Files (x86)\EWSoftware\Sandcastle Help File Builder\Components\Default2022\webfonts\fa-regular-400.ttf -&gt; C:\Users\julie\Desktop\CNED\Atelier Pro\Etape 2\MediaTek86\MediaTek86 Documentation\Help\Working\Output\Website\webfonts\fa-regular-400.ttf
C:\Program Files (x86)\EWSoftware\Sandcastle Help File Builder\Components\Default2022\webfonts\fa-regular-400.woff2 -&gt; C:\Users\julie\Desktop\CNED\Atelier Pro\Etape 2\MediaTek86\MediaTek86 Documentation\Help\Working\Output\Website\webfonts\fa-regular-400.woff2
C:\Program Files (x86)\EWSoftware\Sandcastle Help File Builder\Components\Default2022\webfonts\fa-solid-900.ttf -&gt; C:\Users\julie\Desktop\CNED\Atelier Pro\Etape 2\MediaTek86\MediaTek86 Documentation\Help\Working\Output\Website\webfonts\fa-solid-900.ttf
C:\Program Files (x86)\EWSoftware\Sandcastle Help File Builder\Components\Default2022\webfonts\fa-solid-900.woff2 -&gt; C:\Users\julie\Desktop\CNED\Atelier Pro\Etape 2\MediaTek86\MediaTek86 Documentation\Help\Working\Output\Website\webfonts\fa-solid-900.woff2
C:\Program Files (x86)\EWSoftware\Sandcastle Help File Builder\Components\Default2022\webfonts\fa-v4compatibility.ttf -&gt; C:\Users\julie\Desktop\CNED\Atelier Pro\Etape 2\MediaTek86\MediaTek86 Documentation\Help\Working\Output\Website\webfonts\fa-v4compatibility.ttf
C:\Program Files (x86)\EWSoftware\Sandcastle Help File Builder\Components\Default2022\webfonts\fa-v4compatibility.woff2 -&gt; C:\Users\julie\Desktop\CNED\Atelier Pro\Etape 2\MediaTek86\MediaTek86 Documentation\Help\Working\Output\Website\webfonts\fa-v4compatibility.woff2
C:\Program Files (x86)\EWSoftware\Sandcastle Help File Builder\Components\Default2022\RootWebsiteContent\GeneralError.html -&gt; C:\Users\julie\Desktop\CNED\Atelier Pro\Etape 2\MediaTek86\MediaTek86 Documentation\Help\Working\Output\Website\GeneralError.html
C:\Program Files (x86)\EWSoftware\Sandcastle Help File Builder\Components\Default2022\RootWebsiteContent\index.html -&gt; C:\Users\julie\Desktop\CNED\Atelier Pro\Etape 2\MediaTek86\MediaTek86 Documentation\Help\Working\Output\Website\index.html
C:\Program Files (x86)\EWSoftware\Sandcastle Help File Builder\Components\Default2022\RootWebsiteContent\PageNotFound.html -&gt; C:\Users\julie\Desktop\CNED\Atelier Pro\Etape 2\MediaTek86\MediaTek86 Documentation\Help\Working\Output\Website\PageNotFound.html
C:\Program Files (x86)\EWSoftware\Sandcastle Help File Builder\Components\Default2022\RootWebsiteContent\search.html -&gt; C:\Users\julie\Desktop\CNED\Atelier Pro\Etape 2\MediaTek86\MediaTek86 Documentation\Help\Working\Output\Website\search.html
C:\Program Files (x86)\EWSoftware\Sandcastle Help File Builder\Components\Default2022\RootWebsiteContent\SearchHelp.aspx -&gt; C:\Users\julie\Desktop\CNED\Atelier Pro\Etape 2\MediaTek86\MediaTek86 Documentation\Help\Working\Output\Website\SearchHelp.aspx
C:\Program Files (x86)\EWSoftware\Sandcastle Help File Builder\Components\Default2022\RootWebsiteContent\SearchHelp.inc.php -&gt; C:\Users\julie\Desktop\CNED\Atelier Pro\Etape 2\MediaTek86\MediaTek86 Documentation\Help\Working\Output\Website\SearchHelp.inc.php
C:\Program Files (x86)\EWSoftware\Sandcastle Help File Builder\Components\Default2022\RootWebsiteContent\SearchHelp.php -&gt; C:\Users\julie\Desktop\CNED\Atelier Pro\Etape 2\MediaTek86\MediaTek86 Documentation\Help\Working\Output\Website\SearchHelp.php
C:\Program Files (x86)\EWSoftware\Sandcastle Help File Builder\Components\Default2022\RootWebsiteContent\Web.Config -&gt; C:\Users\julie\Desktop\CNED\Atelier Pro\Etape 2\MediaTek86\MediaTek86 Documentation\Help\Working\Output\Website\Web.Config
    Last step completed in 00:00:00,1109
</buildStep>
<buildStep step="GenerateFullTextIndex">
Generating full-text index for the website...

    Last step completed in 00:00:00,1372
</buildStep>
<buildStep step="CopyingWebsiteFiles">
Copying website files to output folder...

Copied 223 files for the website content
    Last step completed in 00:00:00,1683
</buildStep>
<buildStep step="CleanIntermediates">
Removing intermediate files...
    Last step completed in 00:00:00,0388
</buildStep>
<buildStep step="Completed">

Build completed successfully at 29/05/2023 18:20:56.  Total time: 00:00:05,7507

</buildStep>
</shfbBuild>
